#
# A fatal error has been detected by the Java Runtime Environment:
#
#  EXCEPTION_ACCESS_VIOLATION (0xc0000005) at pc=0xffffffffa3425120, pid=8956, tid=7240
#
# JRE version: Java(TM) SE Runtime Environment (8.0_73-b02) (build 1.8.0_73-b02)
# Java VM: Java HotSpot(TM) 64-Bit Server VM (25.73-b02 mixed mode windows-amd64 compressed oops)
# Problematic frame:
# C  0xffffffffa3425120
#
# Failed to write core dump. Minidumps are not enabled by default on client versions of Windows
#
# If you would like to submit a bug report, please visit:
#   http://bugreport.java.com/bugreport/crash.jsp
#

---------------  T H R E A D  ---------------

Current thread (0x0000000018c84000):  JavaThread "AWT-EventQueue-0" [_thread_in_Java, id=7240, stack(0x000000001a1f0000,0x000000001a2f0000)]

siginfo: ExceptionCode=0xc0000005, ExceptionInformation=0x0000000000000008 0xffffffffa3425120

Registers:
RAX=0x00000000167e8ac8, RBX=0x00000000167e8ac8, RCX=0x00000000d5c4b4c8, RDX=0x00000000d5c4b4c8
RSP=0x000000001a2ed278, RBP=0x000000001a2ed2d8, RSI=0x00000000000001eb, RDI=0x0000000000000108
R8 =0x000000000000179a, R9 =0x00000000000000e0, R10=0x0000000053ac3190, R11=0x0000000002632680
R12=0x0000000000000000, R13=0x000000001a2ed288, R14=0x0000000000000000, R15=0x0000000018c84000
RIP=0xffffffffa3425120, EFLAGS=0x0000000000010202

Top of Stack: (sp=0x000000001a2ed278)
0x000000001a2ed278:   0000000002427200 0000000002427200
0x000000001a2ed288:   000000000000179a 00000000d5c4b4c8
0x000000001a2ed298:   000000001a2ed298 00000000167ec3e2
0x000000001a2ed2a8:   000000001a2ed2f0 00000000167f0ec8
0x000000001a2ed2b8:   0000000000000000 00000000167ec3f8
0x000000001a2ed2c8:   000000001a2ed288 000000001a2ed2e8
0x000000001a2ed2d8:   000000001a2ed338 00000000024272d0
0x000000001a2ed2e8:   000000000000179a 00000000d5c4b4c8
0x000000001a2ed2f8:   000000001a2ed2f8 000000001f74f0fc
0x000000001a2ed308:   000000001a2ed348 000000001f74fa00
0x000000001a2ed318:   0000000000000000 000000001f74f108
0x000000001a2ed328:   000000001a2ed2e8 000000001a2ed348
0x000000001a2ed338:   000000001a2ed390 00000000024272d0
0x000000001a2ed348:   00000000d5c4dca0 000000001a2ed350
0x000000001a2ed358:   000000001f74e0f8 000000001a2ed3e8
0x000000001a2ed368:   000000001f74e368 0000000000000000 

Instructions: (pc=0xffffffffa3425120)
0xffffffffa3425100:   
[error occurred during error reporting (printing registers, top of stack, instructions near pc), id 0xc0000005]

Register to memory mapping:

RAX={method} {0x00000000167e8ad0} '_get' '(I)B' in 'java/nio/HeapByteBuffer'
RBX={method} {0x00000000167e8ad0} '_get' '(I)B' in 'java/nio/HeapByteBuffer'
RCX=0x00000000d5c4b4c8 is an oop
java.nio.HeapByteBuffer 
 - klass: 'java/nio/HeapByteBuffer'
RDX=0x00000000d5c4b4c8 is an oop
java.nio.HeapByteBuffer 
 - klass: 'java/nio/HeapByteBuffer'
RSP=0x000000001a2ed278 is pointing into the stack for thread: 0x0000000018c84000
RBP=0x000000001a2ed2d8 is pointing into the stack for thread: 0x0000000018c84000
RSI=0x00000000000001eb is an unknown value
RDI=0x0000000000000108 is an unknown value
R8 =0x000000000000179a is an unknown value
R9 =0x00000000000000e0 is an unknown value
R10=0x0000000053ac3190 is an unknown value
R11=0x0000000002632680 is at entry_point+32 in (nmethod*)0x0000000002632510
R12=0x0000000000000000 is an unknown value
R13=0x000000001a2ed288 is pointing into the stack for thread: 0x0000000018c84000
R14=0x0000000000000000 is an unknown value
R15=0x0000000018c84000 is a thread


Stack: [0x000000001a1f0000,0x000000001a2f0000],  sp=0x000000001a2ed278,  free space=1012k
Native frames: (J=compiled Java code, j=interpreted, Vv=VM code, C=native code)
C  0xffffffffa3425120


---------------  P R O C E S S  ---------------

Java Threads: ( => current thread )
  0x0000000002320800 JavaThread "DestroyJavaVM" [_thread_blocked, id=8868, stack(0x0000000002180000,0x0000000002280000)]
=>0x0000000018c84000 JavaThread "AWT-EventQueue-0" [_thread_in_Java, id=7240, stack(0x000000001a1f0000,0x000000001a2f0000)]
  0x0000000018c8d800 JavaThread "AWT-Windows" daemon [_thread_in_native, id=8180, stack(0x0000000019250000,0x0000000019350000)]
  0x0000000018c9a000 JavaThread "AWT-Shutdown" [_thread_blocked, id=10644, stack(0x0000000019150000,0x0000000019250000)]
  0x0000000018c99000 JavaThread "Java2D Disposer" daemon [_thread_blocked, id=8392, stack(0x0000000019050000,0x0000000019150000)]
  0x000000001709e000 JavaThread "Service Thread" daemon [_thread_blocked, id=1560, stack(0x0000000018d70000,0x0000000018e70000)]
  0x0000000017048800 JavaThread "C1 CompilerThread2" daemon [_thread_blocked, id=10200, stack(0x0000000018870000,0x0000000018970000)]
  0x0000000017040800 JavaThread "C2 CompilerThread1" daemon [_thread_blocked, id=3548, stack(0x0000000018770000,0x0000000018870000)]
  0x000000001703d000 JavaThread "C2 CompilerThread0" daemon [_thread_blocked, id=2176, stack(0x0000000018670000,0x0000000018770000)]
  0x000000001703b800 JavaThread "Attach Listener" daemon [_thread_blocked, id=812, stack(0x0000000018570000,0x0000000018670000)]
  0x000000001703a000 JavaThread "Signal Dispatcher" daemon [_thread_blocked, id=10484, stack(0x0000000018470000,0x0000000018570000)]
  0x0000000002416000 JavaThread "Finalizer" daemon [_thread_blocked, id=10668, stack(0x0000000018290000,0x0000000018390000)]
  0x0000000017009000 JavaThread "Reference Handler" daemon [_thread_blocked, id=3688, stack(0x0000000018190000,0x0000000018290000)]

Other Threads:
  0x0000000017007800 VMThread [stack: 0x0000000018090000,0x0000000018190000] [id=10764]
  0x000000001899c800 WatcherThread [stack: 0x0000000018e70000,0x0000000018f70000] [id=7104]

VM state:not at safepoint (normal execution)

VM Mutex/Monitor currently owned by a thread: None

Heap:
 PSYoungGen      total 38400K, used 7322K [0x00000000d5580000, 0x00000000d8000000, 0x0000000100000000)
  eden space 33280K, 22% used [0x00000000d5580000,0x00000000d5ca6a68,0x00000000d7600000)
  from space 5120K, 0% used [0x00000000d7b00000,0x00000000d7b00000,0x00000000d8000000)
  to   space 5120K, 0% used [0x00000000d7600000,0x00000000d7600000,0x00000000d7b00000)
 ParOldGen       total 87552K, used 0K [0x0000000080000000, 0x0000000085580000, 0x00000000d5580000)
  object space 87552K, 0% used [0x0000000080000000,0x0000000080000000,0x0000000085580000)
 Metaspace       used 10415K, capacity 10602K, committed 10752K, reserved 1058816K
  class space    used 1361K, capacity 1445K, committed 1536K, reserved 1048576K

Card table byte_map: [0x00000000117e0000,0x0000000011bf0000] byte_map_base: 0x00000000113e0000

Marking Bits: (ParMarkBitMap*) 0x0000000053ae0600
 Begin Bits: [0x00000000122a0000, 0x00000000142a0000)
 End Bits:   [0x00000000142a0000, 0x00000000162a0000)

Polling page: 0x00000000004d0000

CodeCache: size=245760Kb used=2135Kb max_used=2135Kb free=243624Kb
 bounds [0x0000000002420000, 0x0000000002690000, 0x0000000011420000]
 total_blobs=863 nmethods=444 adapters=334
 compilation: enabled

Compilation events (10 events):
Event: 1.055 Thread 0x0000000017048800 nmethod 437 0x00000000026313d0 code [0x0000000002631520, 0x0000000002631670]
Event: 1.055 Thread 0x0000000017048800  434       3       java.nio.Bits::getShortB (16 bytes)
Event: 1.055 Thread 0x0000000017048800 nmethod 434 0x0000000002630e10 code [0x0000000002630f80, 0x00000000026312b8]
Event: 1.055 Thread 0x0000000017048800  435       3       java.nio.Bits::makeShort (12 bytes)
Event: 1.055 Thread 0x0000000017048800 nmethod 435 0x0000000002630b10 code [0x0000000002630c60, 0x0000000002630db0]
Event: 1.057 Thread 0x0000000017048800  438       1       java.nio.Buffer::limit (5 bytes)
Event: 1.057 Thread 0x0000000017048800 nmethod 438 0x0000000002634c10 code [0x0000000002634d60, 0x0000000002634e70]
Event: 1.058 Thread 0x0000000017048800  440       1       java.nio.HeapByteBuffer::_get (7 bytes)
Event: 1.058 Thread 0x0000000017048800 nmethod 440 0x0000000002634ed0 code [0x0000000002635020, 0x0000000002635150]
Event: 1.058 Thread 0x0000000017048800  441       3       java.nio.Bits::getCharB (16 bytes)

GC Heap History (0 events):
No events

Deoptimization events (2 events):
Event: 1.033 Thread 0x0000000018c84000 Uncommon trap: reason=unstable_if action=reinterpret pc=0x00000000025fbd24 method=java.util.HashMap.getNode(ILjava/lang/Object;)Ljava/util/HashMap$Node; @ 84
Event: 1.033 Thread 0x0000000018c84000 Uncommon trap: reason=unstable_if action=reinterpret pc=0x0000000002618200 method=java.util.HashMap.getNode(ILjava/lang/Object;)Ljava/util/HashMap$Node; @ 84

Internal exceptions (10 events):
Event: 0.479 Thread 0x0000000002320800 Exception <a 'java/lang/ClassNotFoundException': ToolBar> (0x00000000d5a286c0) thrown at [D:\re\puppet\workspace\8-2-build-windows-amd64-cygwin\jdk8u73\6086\hotspot\src\share\vm\classfile\systemDictionary.cpp, line 210]
Event: 0.479 Thread 0x0000000002320800 Exception <a 'java/lang/ClassNotFoundException': ToggleButton> (0x00000000d5a28c70) thrown at [D:\re\puppet\workspace\8-2-build-windows-amd64-cygwin\jdk8u73\6086\hotspot\src\share\vm\classfile\systemDictionary.cpp, line 210]
Event: 0.479 Thread 0x0000000002320800 Exception <a 'java/lang/ClassNotFoundException': javax/swing/JToolBarSeparator> (0x00000000d5a290d0) thrown at [D:\re\puppet\workspace\8-2-build-windows-amd64-cygwin\jdk8u73\6086\hotspot\src\share\vm\classfile\systemDictionary.cpp, line 210]
Event: 0.480 Thread 0x0000000002320800 Exception <a 'java/lang/ClassNotFoundException': ToolBarSeparator> (0x00000000d5a29568) thrown at [D:\re\puppet\workspace\8-2-build-windows-amd64-cygwin\jdk8u73\6086\hotspot\src\share\vm\classfile\systemDictionary.cpp, line 210]
Event: 0.481 Thread 0x0000000002320800 Exception <a 'java/lang/ClassNotFoundException': ToolTip> (0x00000000d5a29ca8) thrown at [D:\re\puppet\workspace\8-2-build-windows-amd64-cygwin\jdk8u73\6086\hotspot\src\share\vm\classfile\systemDictionary.cpp, line 210]
Event: 0.483 Thread 0x0000000002320800 Exception <a 'java/lang/ClassNotFoundException': Tree> (0x00000000d5a2a8c8) thrown at [D:\re\puppet\workspace\8-2-build-windows-amd64-cygwin\jdk8u73\6086\hotspot\src\share\vm\classfile\systemDictionary.cpp, line 210]
Event: 0.483 Thread 0x0000000002320800 Exception <a 'java/lang/ClassNotFoundException': Tree> (0x00000000d5a2b008) thrown at [D:\re\puppet\workspace\8-2-build-windows-amd64-cygwin\jdk8u73\6086\hotspot\src\share\vm\classfile\systemDictionary.cpp, line 210]
Event: 0.483 Thread 0x0000000002320800 Exception <a 'java/lang/ClassNotFoundException': javax/swing/JTreeCell> (0x00000000d5a2b388) thrown at [D:\re\puppet\workspace\8-2-build-windows-amd64-cygwin\jdk8u73\6086\hotspot\src\share\vm\classfile\systemDictionary.cpp, line 210]
Event: 0.483 Thread 0x0000000002320800 Exception <a 'java/lang/ClassNotFoundException': TreeCell> (0x00000000d5a2b810) thrown at [D:\re\puppet\workspace\8-2-build-windows-amd64-cygwin\jdk8u73\6086\hotspot\src\share\vm\classfile\systemDictionary.cpp, line 210]
Event: 0.484 Thread 0x0000000002320800 Exception <a 'java/lang/ClassNotFoundException': RootPane> (0x00000000d5a2c1c8) thrown at [D:\re\puppet\workspace\8-2-build-windows-amd64-cygwin\jdk8u73\6086\hotspot\src\share\vm\classfile\systemDictionary.cpp, line 210]

Events (10 events):
Event: 1.057 loading class sun/font/TrueTypeGlyphMapper
Event: 1.057 loading class sun/font/TrueTypeGlyphMapper done
Event: 1.057 loading class sun/font/CMap
Event: 1.057 loading class sun/font/CMap done
Event: 1.057 loading class sun/font/CMap$NullCMapClass
Event: 1.058 loading class sun/font/CMap$NullCMapClass done
Event: 1.058 loading class sun/font/CMap$CMapFormat4
Event: 1.058 loading class sun/font/CMap$CMapFormat4 done
Event: 1.058 loading class java/nio/ByteBufferAsCharBufferB
Event: 1.058 loading class java/nio/ByteBufferAsCharBufferB done


Dynamic libraries:
0x00007ff782930000 - 0x00007ff782967000 	C:\Program Files\Java\jdk1.8.0_73\bin\java.exe
0x00007ffe28340000 - 0x00007ffe28501000 	C:\Windows\SYSTEM32\ntdll.dll
0x00007ffe27e60000 - 0x00007ffe27f0d000 	C:\Windows\system32\KERNEL32.DLL
0x00007ffe25490000 - 0x00007ffe25678000 	C:\Windows\system32\KERNELBASE.dll
0x00007ffe26d70000 - 0x00007ffe26e17000 	C:\Windows\system32\ADVAPI32.dll
0x00007ffe27a50000 - 0x00007ffe27aed000 	C:\Windows\system32\msvcrt.dll
0x00007ffe27780000 - 0x00007ffe277db000 	C:\Windows\system32\sechost.dll
0x00007ffe27c70000 - 0x00007ffe27d8c000 	C:\Windows\system32\RPCRT4.dll
0x00007ffe278e0000 - 0x00007ffe27a36000 	C:\Windows\system32\USER32.dll
0x00007ffe274a0000 - 0x00007ffe27626000 	C:\Windows\system32\GDI32.dll
0x00007ffe1ede0000 - 0x00007ffe1f054000 	C:\Windows\WinSxS\amd64_microsoft.windows.common-controls_6595b64144ccf1df_6.0.10586.0_none_8c15ae12515e1c22\COMCTL32.dll
0x00007ffe26ef0000 - 0x00007ffe2716d000 	C:\Windows\system32\combase.dll
0x00007ffe25420000 - 0x00007ffe2548a000 	C:\Windows\system32\bcryptPrimitives.dll
0x00007ffe277e0000 - 0x00007ffe2781b000 	C:\Windows\system32\IMM32.DLL
0x00000000531f0000 - 0x00000000532c2000 	C:\Program Files\Java\jdk1.8.0_73\jre\bin\msvcr100.dll
0x00000000532d0000 - 0x0000000053b60000 	C:\Program Files\Java\jdk1.8.0_73\jre\bin\server\jvm.dll
0x00007ffe25740000 - 0x00007ffe25748000 	C:\Windows\system32\PSAPI.DLL
0x00007ffe1f230000 - 0x00007ffe1f23a000 	C:\Windows\SYSTEM32\VERSION.dll
0x00007ffe17300000 - 0x00007ffe17309000 	C:\Windows\SYSTEM32\WSOCK32.dll
0x00007ffe23060000 - 0x00007ffe23083000 	C:\Windows\SYSTEM32\WINMM.dll
0x00007ffe27af0000 - 0x00007ffe27b5b000 	C:\Windows\system32\WS2_32.dll
0x0000000002150000 - 0x000000000217c000 	C:\Windows\SYSTEM32\WINMMBASE.dll
0x00007ffe253d0000 - 0x00007ffe25413000 	C:\Windows\system32\cfgmgr32.dll
0x00000000531a0000 - 0x00000000531af000 	C:\Program Files\Java\jdk1.8.0_73\jre\bin\verify.dll
0x0000000053170000 - 0x0000000053199000 	C:\Program Files\Java\jdk1.8.0_73\jre\bin\java.dll
0x0000000053150000 - 0x0000000053166000 	C:\Program Files\Java\jdk1.8.0_73\jre\bin\zip.dll
0x00007ffe25750000 - 0x00007ffe26cac000 	C:\Windows\system32\SHELL32.dll
0x00007ffe24d80000 - 0x00007ffe253c5000 	C:\Windows\system32\windows.storage.dll
0x00007ffe26e20000 - 0x00007ffe26e72000 	C:\Windows\system32\shlwapi.dll
0x00007ffe24990000 - 0x00007ffe2499f000 	C:\Windows\system32\kernel.appcore.dll
0x00007ffe25680000 - 0x00007ffe25735000 	C:\Windows\system32\shcore.dll
0x00007ffe249a0000 - 0x00007ffe249eb000 	C:\Windows\system32\powrprof.dll
0x00007ffe24970000 - 0x00007ffe24984000 	C:\Windows\system32\profapi.dll
0x0000000052f70000 - 0x0000000053108000 	C:\Program Files\Java\jdk1.8.0_73\jre\bin\awt.dll
0x00007ffe27d90000 - 0x00007ffe27e51000 	C:\Windows\system32\OLEAUT32.dll
0x00007ffe23150000 - 0x00007ffe231c9000 	C:\Windows\system32\apphelp.dll
0x00007ffe23230000 - 0x00007ffe232c6000 	C:\Windows\system32\uxtheme.dll
0x00007ffe27340000 - 0x00007ffe2749a000 	C:\Windows\system32\MSCTF.dll
0x00007ffe228f0000 - 0x00007ffe22912000 	C:\Windows\system32\dwmapi.dll
0x00007ffe27630000 - 0x00007ffe27773000 	C:\Windows\system32\ole32.dll
0x0000000052f20000 - 0x0000000052f67000 	C:\Program Files\Java\jdk1.8.0_73\jre\bin\fontmanager.dll
0x00007ffe11780000 - 0x00007ffe11990000 	C:\Windows\system32\d3d9.dll
0x00007ffdf6290000 - 0x00007ffdf72dd000 	C:\Windows\SYSTEM32\nvd3dumx.dll
0x00007ffe1ae40000 - 0x00007ffe1b00c000 	C:\Windows\system32\nvspcap64.dll
0x00007ffe27f10000 - 0x00007ffe28339000 	C:\Windows\system32\SETUPAPI.dll
0x00007ffe212d0000 - 0x00007ffe21398000 	C:\Windows\SYSTEM32\WINHTTP.dll
0x00007ffe1e570000 - 0x00007ffe1e91d000 	C:\Windows\system32\nvapi64.dll
0x00007ffe224d0000 - 0x00007ffe22573000 	C:\Windows\SYSTEM32\dxgi.dll
0x00007ffe24670000 - 0x00007ffe2469d000 	C:\Windows\SYSTEM32\SspiCli.dll
0x00007ffe1f130000 - 0x00007ffe1f211000 	C:\Program Files (x86)\NVIDIA Corporation\3D Vision\nvSCPAPI64.dll
0x0000000053130000 - 0x000000005314a000 	C:\Program Files\Java\jdk1.8.0_73\jre\bin\net.dll
0x00007ffe24290000 - 0x00007ffe242ec000 	C:\Windows\system32\mswsock.dll
0x0000000053110000 - 0x0000000053121000 	C:\Program Files\Java\jdk1.8.0_73\jre\bin\nio.dll
0x0000000052ed0000 - 0x0000000052f12000 	C:\Program Files\Java\jdk1.8.0_73\jre\bin\t2k.dll
0x00007ffe02120000 - 0x00007ffe022ac000 	C:\Windows\SYSTEM32\dbghelp.dll

VM Arguments:
jvm_args: -Dfile.encoding=UTF-8 
java_command: cs321.ui.MainMenu
java_class_path (initial): C:\Program Files\NetBeans 8.1\java\modules\ext\beansbinding-1.2.1.jar;C:\Users\jbag1\Documents\GitHub\CS321_Group1\321_Group_Project\build\classes
Launcher Type: SUN_STANDARD

Environment Variables:
PATH=C:\ProgramData\Oracle\Java\javapath;C:\Windows\system32;C:\Windows;C:\Windows\System32\Wbem;C:\Windows\System32\WindowsPowerShell\v1.0\;C:\Program Files (x86)\Skype\Phone\;C:\Program Files (x86)\NVIDIA Corporation\PhysX\Common;C:\Program Files\Git\cmd;C:\Program Files\MATLAB\R2016a\runtime\win64;C:\Program Files\MATLAB\R2016a\bin;C:\Program Files\Microsoft\Web Platform Installer\;C:\Program Files (x86)\Microsoft ASP.NET\ASP.NET Web Pages\v1.0\;C:\Program Files (x86)\Windows Kits\8.0\Windows Performance Toolkit\;C:\Program Files\Microsoft SQL Server\110\Tools\Binn\
USERNAME=Josh
OS=Windows_NT
PROCESSOR_IDENTIFIER=Intel64 Family 6 Model 15 Stepping 11, GenuineIntel



---------------  S Y S T E M  ---------------

OS: Windows 10.0 , 64 bit Build 10586 (10.0.10586.0)

CPU:total 4 (4 cores per cpu, 1 threads per core) family 6 model 15 stepping 11, cmov, cx8, fxsr, mmx, sse, sse2, sse3, ssse3, tsc

Memory: 4k page, physical 8386848k(4412488k free), swap 9810192k(4247812k free)

vm_info: Java HotSpot(TM) 64-Bit Server VM (25.73-b02) for windows-amd64 JRE (1.8.0_73-b02), built on Jan 29 2016 17:38:49 by "java_re" with MS VC++ 10.0 (VS2010)

time: Tue Apr 05 01:25:47 2016
elapsed time: 1 seconds (0d 0h 0m 1s)

